<?xml version="1.0" encoding="UTF-8"?>
<!-- Generated by org.testng.reporters.JUnitXMLReporter -->
<testsuite ignored="0" hostname="NTS-SwatiMungal" failures="1" tests="1" name="Test" time="0.365" errors="0" timestamp="2022-06-13T12:16:24 IST">
  <testcase classname="excel.ReadData.ReadExcelData" name="successful_DataFetch" time="0.082">
    <failure type="java.lang.NoClassDefFoundError" message="org/apache/xmlbeans/XmlException">
      <![CDATA[java.lang.NoClassDefFoundError: org/apache/xmlbeans/XmlException
at utilities.ExcelUtils.getSheet(ExcelUtils.java:24)
at utilities.ExcelUtils.getExcelAsMap(ExcelUtils.java:31)
at excel.ReadData.ReadExcelData.successful_DataFetch(ReadExcelData.java:16)
at java.base/java.util.ArrayList.forEach(ArrayList.java:1541)
Caused by: java.lang.ClassNotFoundException: org.apache.xmlbeans.XmlException
at java.base/jdk.internal.loader.BuiltinClassLoader.loadClass(BuiltinClassLoader.java:581)
at java.base/jdk.internal.loader.ClassLoaders$AppClassLoader.loadClass(ClassLoaders.java:178)
at java.base/java.lang.ClassLoader.loadClass(ClassLoader.java:521)
... 31 more
... Removed 27 stack frames]]>
    </failure>
  </testcase> <!-- successful_DataFetch -->
</testsuite> <!-- Test -->
