<?xml version="1.0" encoding="UTF-8"?>
<testng-results ignored="0" total="1" passed="1" failed="0" skipped="0">
  <reporter-output>
  </reporter-output>
  <suite started-at="2022-06-21T12:31:42 IST" name="Default suite" finished-at="2022-06-21T12:31:43 IST" duration-ms="1173">
    <groups>
    </groups>
    <test started-at="2022-06-21T12:31:42 IST" name="Default test" finished-at="2022-06-21T12:31:43 IST" duration-ms="1173">
      <class name="excel.ReadData.ReadExcelData">
        <test-method signature="writeDatatoTxt()[pri:0, instance:excel.ReadData.ReadExcelData@c6e0f32]" started-at="2022-06-21T12:31:42 IST" name="writeDatatoTxt" finished-at="2022-06-21T12:31:43 IST" duration-ms="1010" status="PASS">
          <reporter-output>
          </reporter-output>
        </test-method> <!-- writeDatatoTxt -->
      </class> <!-- excel.ReadData.ReadExcelData -->
    </test> <!-- Default test -->
  </suite> <!-- Default suite -->
</testng-results>
